#
# There is insufficient memory for the Java Runtime Environment to continue.
# Native memory allocation (malloc) failed to allocate 1048576 bytes for AllocateHeap
# Possible reasons:
#   The system is out of physical RAM or swap space
#   In 32 bit mode, the process size limit was hit
# Possible solutions:
#   Reduce memory load on the system
#   Increase physical memory or swap space
#   Check if swap backing store is full
#   Use 64 bit Java on a 64 bit OS
#   Decrease Java heap size (-Xmx/-Xms)
#   Decrease number of Java threads
#   Decrease Java thread stack sizes (-Xss)
#   Set larger code cache with -XX:ReservedCodeCacheSize=
# This output file may be truncated or incomplete.
#
#  Out of Memory Error (memory/allocation.inline.hpp:62), pid=15216, tid=13904
#
# JRE version:  (8.0_05-b13) (build )
# Java VM: Java HotSpot(TM) 64-Bit Server VM (25.5-b02 mixed mode windows-amd64 compressed oops)
# Failed to write core dump. Minidumps are not enabled by default on client versions of Windows
#

---------------  T H R E A D  ---------------

Current thread (0x0000000001d4e000):  JavaThread "Unknown thread" [_thread_in_vm, id=13904, stack(0x0000000002090000,0x0000000002190000)]

Stack: [0x0000000002090000,0x0000000002190000]
Native frames: (J=compiled Java code, j=interpreted, Vv=VM code, C=native code)
V  [jvm.dll+0x308dea]
V  [jvm.dll+0x25def1]
V  [jvm.dll+0x25eb0f]
V  [jvm.dll+0x2564e5]
V  [jvm.dll+0x37eb4f]
V  [jvm.dll+0x3c70d2]
V  [jvm.dll+0x3c745a]
V  [jvm.dll+0x3c29f7]
V  [jvm.dll+0xe2142]
V  [jvm.dll+0x1f1419]
V  [jvm.dll+0x2227c4]
V  [jvm.dll+0x149f71]
C  [java.exe+0x207a]
C  [java.exe+0xc99b]
C  [java.exe+0xca2f]
C  [KERNEL32.DLL+0x16ad]


---------------  P R O C E S S  ---------------

Java Threads: ( => current thread )

Other Threads:

=>0x0000000001d4e000 (exited) JavaThread "Unknown thread" [_thread_in_vm, id=13904, stack(0x0000000002090000,0x0000000002190000)]

VM state:not at safepoint (normal execution)

VM Mutex/Monitor currently owned by a thread: None

Heap:
 PSYoungGen      total 1024K, used 20K [0x00000000eab00000, 0x00000000eac80000, 0x0000000100000000)
  eden space 512K, 4% used [0x00000000eab00000,0x00000000eab05288,0x00000000eab80000)
  from space 512K, 0% used [0x00000000eac00000,0x00000000eac00000,0x00000000eac80000)
  to   space 512K, 0% used [0x00000000eab80000,0x00000000eab80000,0x00000000eac00000)
 ParOldGen       total 129536K, used 0K [0x00000000c0000000, 0x00000000c7e80000, 0x00000000eab00000)
  object space 129536K, 0% used [0x00000000c0000000,0x00000000c0000000,0x00000000c7e80000)
 Metaspace       used 673K, capacity 4480K, committed 4480K, reserved 1056768K
  class space    used 66K, capacity 384K, committed 384K, reserved 1048576K

Card table byte_map: [0x0000000011650000,0x0000000011860000] byte_map_base: 0x0000000011050000

Marking Bits: (ParMarkBitMap*) 0x00000000666713b0
 Begin Bits: [0x0000000011dc0000, 0x0000000012dc0000)
 End Bits:   [0x0000000012dc0000, 0x0000000013dc0000)

Polling page: 0x0000000000500000

CodeCache: size=245760Kb used=327Kb max_used=327Kb free=245432Kb
 bounds [0x0000000002290000, 0x0000000002500000, 0x0000000011290000]
 total_blobs=56 nmethods=0 adapters=37
 compilation: enabled

Compilation events (0 events):
No events

GC Heap History (0 events):
No events

Deoptimization events (0 events):
No events

Internal exceptions (0 events):
No events

Events (10 events):
Event: 0.045 loading class java/lang/Short
Event: 0.045 loading class java/lang/Short done
Event: 0.045 loading class java/lang/Integer
Event: 0.046 loading class java/lang/Integer done
Event: 0.046 loading class java/lang/Long
Event: 0.046 loading class java/lang/Long done
Event: 0.047 loading class java/lang/NullPointerException
Event: 0.047 loading class java/lang/NullPointerException done
Event: 0.047 loading class java/lang/ArithmeticException
Event: 0.047 loading class java/lang/ArithmeticException done


Dynamic libraries:
0x00007ff7c8080000 - 0x00007ff7c80b4000 	C:\Program Files\Java\jdk1.8.0_05\bin\java.exe
0x00007ffda4bc0000 - 0x00007ffda4d6c000 	C:\Windows\SYSTEM32\ntdll.dll
0x00007ffda4780000 - 0x00007ffda48ba000 	C:\Windows\system32\KERNEL32.DLL
0x00007ffda2010000 - 0x00007ffda211f000 	C:\Windows\system32\KERNELBASE.dll
0x00007ffda07b0000 - 0x00007ffda0838000 	C:\Windows\system32\apphelp.dll
0x00007ffd8b460000 - 0x00007ffd8b4af000 	C:\Windows\AppPatch\AppPatch64\AcGenral.DLL
0x00007ffda2800000 - 0x00007ffda28a7000 	C:\Windows\system32\msvcrt.dll
0x00007ffda1960000 - 0x00007ffda198b000 	C:\Windows\SYSTEM32\SspiCli.dll
0x00007ffda2d90000 - 0x00007ffda2de1000 	C:\Windows\system32\SHLWAPI.dll
0x00007ffda3090000 - 0x00007ffda3201000 	C:\Windows\system32\USER32.dll
0x00007ffda2680000 - 0x00007ffda27f8000 	C:\Windows\system32\ole32.dll
0x00007ffda3360000 - 0x00007ffda4776000 	C:\Windows\system32\SHELL32.dll
0x00007ffda1180000 - 0x00007ffda119e000 	C:\Windows\SYSTEM32\USERENV.dll
0x00007ffda2120000 - 0x00007ffda21c5000 	C:\Windows\system32\ADVAPI32.dll
0x00007ffd958b0000 - 0x00007ffd958cb000 	C:\Windows\SYSTEM32\MPR.dll
0x00007ffda2540000 - 0x00007ffda2677000 	C:\Windows\system32\RPCRT4.dll
0x00007ffda2cd0000 - 0x00007ffda2d29000 	C:\Windows\SYSTEM32\sechost.dll
0x00007ffda48c0000 - 0x00007ffda4a96000 	C:\Windows\SYSTEM32\combase.dll
0x00007ffda21d0000 - 0x00007ffda2314000 	C:\Windows\system32\GDI32.dll
0x00007ffda1b30000 - 0x00007ffda1b44000 	C:\Windows\SYSTEM32\profapi.dll
0x00007ffda0020000 - 0x00007ffda00bf000 	C:\Windows\SYSTEM32\SHCORE.dll
0x00007ffda4b80000 - 0x00007ffda4bb4000 	C:\Windows\system32\IMM32.DLL
0x00007ffda28d0000 - 0x00007ffda2a22000 	C:\Windows\system32\MSCTF.dll
0x00007ffd9f9c0000 - 0x00007ffd9fc3b000 	C:\Windows\WinSxS\amd64_microsoft.windows.common-controls_6595b64144ccf1df_6.0.9600.17784_none_624760d1ecb7236e\COMCTL32.dll
0x00000000658c0000 - 0x0000000065992000 	C:\Program Files\Java\jdk1.8.0_05\jre\bin\msvcr100.dll
0x0000000065ec0000 - 0x00000000666ea000 	C:\Program Files\Java\jdk1.8.0_05\jre\bin\server\jvm.dll
0x00007ffd984f0000 - 0x00007ffd984f9000 	C:\Windows\SYSTEM32\WSOCK32.dll
0x00007ffda1db0000 - 0x00007ffda1dcf000 	C:\Windows\system32\WINMM.dll
0x00007ffda2c30000 - 0x00007ffda2c37000 	C:\Windows\system32\PSAPI.DLL
0x00007ffda2d30000 - 0x00007ffda2d88000 	C:\Windows\system32\WS2_32.dll
0x00007ffda1c10000 - 0x00007ffda1c3a000 	C:\Windows\system32\WINMMBASE.dll
0x00007ffda3210000 - 0x00007ffda3219000 	C:\Windows\system32\NSI.dll
0x00007ffda1d10000 - 0x00007ffda1d5a000 	C:\Windows\SYSTEM32\cfgmgr32.dll
0x00007ffda1be0000 - 0x00007ffda1c06000 	C:\Windows\system32\DEVOBJ.dll
0x0000000065eb0000 - 0x0000000065ebf000 	C:\Program Files\Java\jdk1.8.0_05\jre\bin\verify.dll
0x0000000065e80000 - 0x0000000065ea8000 	C:\Program Files\Java\jdk1.8.0_05\jre\bin\java.dll
0x0000000065e60000 - 0x0000000065e76000 	C:\Program Files\Java\jdk1.8.0_05\jre\bin\zip.dll
0x00007ffd90600000 - 0x00007ffd90788000 	C:\Windows\SYSTEM32\dbghelp.dll

VM Arguments:
jvm_args: -Xmx1024M -Dfile.encoding=GBK -Duser.country=CN -Duser.language=zh -Duser.variant 
java_command: com.android.dx.command.Main --dex --output C:\Users\dell\AndroidStudioProjects\FloatingButtonTest\app\build\intermediates\pre-dexed\debug\classes-0620e97519c7d67b3c4b03e7abbafdb65dd2f961.jar C:\Users\dell\AndroidStudioProjects\FloatingButtonTest\app\build\intermediates\exploded-aar\com.android.support\gridlayout-v7\22.1.1\jars\classes.jar
java_class_path (initial): C:\Users\dell\AppData\Local\Android\Sdk\build-tools\22.0.1\lib\dx.jar
Launcher Type: SUN_STANDARD

Environment Variables:
JAVA_HOME=C:\Program Files\Java\jdk1.8.0_05
CLASSPATH=.,C:\Program Files\Java\jdk1.8.0_05/lib;
PATH=C:\ProgramData\Oracle\Java\javapath;C:\Program Files (x86)\NVIDIA Corporation\PhysX\Common;C:\Windows\system32;C:\Windows;C:\Windows\System32\Wbem;C:\Windows\System32\WindowsPowerShell\v1.0\;C:\Program Files\Microsoft SQL Server\110\Tools\Binn\;C:\Program Files\Microsoft\Web Platform Installer\;C:\Program Files\Microsoft SQL Server\120\Tools\Binn\;C:\Program Files (x86)\Microsoft ASP.NET\ASP.NET Web Pages\v1.0\;C:\Program Files (x86)\Microsoft SDKs\Windows Azure\CLI\wbin;C:\Program Files (x86)\Microsoft SDKs\TypeScript\1.0\;C:\Program Files (x86)\Common Files\Acronis\SnapAPI\;D:\Program Files\QuickTime\QTSystem\;C:\Program Files\Microsoft SQL Server\120\DTS\Binn\;C:\Program Files\Microsoft SQL Server\Client SDK\ODBC\110\Tools\Binn\;C:\Program Files (x86)\Microsoft SQL Server\120\Tools\Binn\;C:\Program Files (x86)\Microsoft SQL Server\120\Tools\Binn\ManagementStudio\;C:\Program Files (x86)\Microsoft SQL Server\120\DTS\Binn\;C:\Program Files\Java\jdk1.8.0_05\bin;C:\Program Files\Android\Android Studio\gradle\m2repository\com\android\tools;C:\Program Files\Java\jdk1.8.0_05\bin;C:\Program Files\Java\jdk1.8.0_05\jre\binRuby -vC:\Users\dell\AppData\Local\Android\Sdk\platform-tools
USERNAME=dell
OS=Windows_NT
PROCESSOR_IDENTIFIER=Intel64 Family 6 Model 69 Stepping 1, GenuineIntel



---------------  S Y S T E M  ---------------

OS: Windows 8.1 , 64 bit Build 9600 

CPU:total 4 (2 cores per cpu, 2 threads per core) family 6 model 69 stepping 1, cmov, cx8, fxsr, mmx, sse, sse2, sse3, ssse3, sse4.1, sse4.2, popcnt, avx, avx2, aes, clmul, erms, ht, tsc, tscinvbit

Memory: 4k page, physical 8290836k(1041008k free), swap 11436564k(2648k free)

vm_info: Java HotSpot(TM) 64-Bit Server VM (25.5-b02) for windows-amd64 JRE (1.8.0_05-b13), built on Mar 18 2014 01:08:39 by "java_re" with MS VC++ 10.0 (VS2010)

time: Sun May 31 16:57:32 2015
elapsed time: 1 seconds

